[2023-10-08 00:31:35,662.662] DEBUG [139622677526336] - loaded lazy attr 'SafeConfigParser': <class 'configparser.ConfigParser'>
[2023-10-08 00:31:35,662.662] DEBUG [139622677526336] - loaded lazy attr 'NativeStringIO': <class '_io.StringIO'>
[2023-10-08 00:31:35,662.662] DEBUG [139622677526336] - loaded lazy attr 'BytesIO': <class '_io.BytesIO'>
[2023-10-08 00:31:35,666.666] DEBUG [139622677526336] - registered 'bcrypt' handler: <class 'passlib.handlers.bcrypt.bcrypt'>
[2023-10-08 00:31:35,716.716] DEBUG [139622677526336] - loaded lazy attr 'SafeConfigParser': <class 'configparser.ConfigParser'>
[2023-10-08 00:31:35,716.716] DEBUG [139622677526336] - loaded lazy attr 'NativeStringIO': <class '_io.StringIO'>
[2023-10-08 00:31:35,716.716] DEBUG [139622677526336] - loaded lazy attr 'BytesIO': <class '_io.BytesIO'>
[2023-10-08 00:31:35,721.721] DEBUG [139622677526336] - registered 'bcrypt' handler: <class 'passlib.handlers.bcrypt.bcrypt'>
[2023-10-08 00:42:50,918.918] DEBUG [140339485210432] - loaded lazy attr 'SafeConfigParser': <class 'configparser.ConfigParser'>
[2023-10-08 00:42:50,918.918] DEBUG [140339485210432] - loaded lazy attr 'NativeStringIO': <class '_io.StringIO'>
[2023-10-08 00:42:50,918.918] DEBUG [140339485210432] - loaded lazy attr 'BytesIO': <class '_io.BytesIO'>
[2023-10-08 00:42:50,924.924] DEBUG [140339485210432] - registered 'bcrypt' handler: <class 'passlib.handlers.bcrypt.bcrypt'>
[2023-10-08 00:42:51,053.053] DEBUG [140339485210432] - loaded lazy attr 'SafeConfigParser': <class 'configparser.ConfigParser'>
[2023-10-08 00:42:51,053.053] DEBUG [140339485210432] - loaded lazy attr 'NativeStringIO': <class '_io.StringIO'>
[2023-10-08 00:42:51,053.053] DEBUG [140339485210432] - loaded lazy attr 'BytesIO': <class '_io.BytesIO'>
[2023-10-08 00:42:51,058.058] DEBUG [140339485210432] - registered 'bcrypt' handler: <class 'passlib.handlers.bcrypt.bcrypt'>
[2023-10-08 00:43:10,462.462] DEBUG [140644949878592] - loaded lazy attr 'SafeConfigParser': <class 'configparser.ConfigParser'>
[2023-10-08 00:43:10,462.462] DEBUG [140644949878592] - loaded lazy attr 'NativeStringIO': <class '_io.StringIO'>
[2023-10-08 00:43:10,462.462] DEBUG [140644949878592] - loaded lazy attr 'BytesIO': <class '_io.BytesIO'>
[2023-10-08 00:43:10,468.468] DEBUG [140644949878592] - registered 'bcrypt' handler: <class 'passlib.handlers.bcrypt.bcrypt'>
[2023-10-08 00:43:10,505.505] DEBUG [140644949878592] - loaded lazy attr 'SafeConfigParser': <class 'configparser.ConfigParser'>
[2023-10-08 00:43:10,506.506] DEBUG [140644949878592] - loaded lazy attr 'NativeStringIO': <class '_io.StringIO'>
[2023-10-08 00:43:10,506.506] DEBUG [140644949878592] - loaded lazy attr 'BytesIO': <class '_io.BytesIO'>
[2023-10-08 00:43:10,510.510] DEBUG [140644949878592] - registered 'bcrypt' handler: <class 'passlib.handlers.bcrypt.bcrypt'>
[2023-10-08 00:47:28,662.662] DEBUG [140672076560192] - loaded lazy attr 'SafeConfigParser': <class 'configparser.ConfigParser'>
[2023-10-08 00:47:28,663.663] DEBUG [140672076560192] - loaded lazy attr 'NativeStringIO': <class '_io.StringIO'>
[2023-10-08 00:47:28,663.663] DEBUG [140672076560192] - loaded lazy attr 'BytesIO': <class '_io.BytesIO'>
[2023-10-08 00:47:28,667.667] DEBUG [140672076560192] - registered 'bcrypt' handler: <class 'passlib.handlers.bcrypt.bcrypt'>
[2023-10-08 00:47:28,721.721] DEBUG [140672076560192] - loaded lazy attr 'SafeConfigParser': <class 'configparser.ConfigParser'>
[2023-10-08 00:47:28,721.721] DEBUG [140672076560192] - loaded lazy attr 'NativeStringIO': <class '_io.StringIO'>
[2023-10-08 00:47:28,721.721] DEBUG [140672076560192] - loaded lazy attr 'BytesIO': <class '_io.BytesIO'>
[2023-10-08 00:47:28,726.726] DEBUG [140672076560192] - registered 'bcrypt' handler: <class 'passlib.handlers.bcrypt.bcrypt'>
[2023-10-08 00:55:16,467.467] DEBUG [139912905496384] - loaded lazy attr 'SafeConfigParser': <class 'configparser.ConfigParser'>
[2023-10-08 00:55:16,467.467] DEBUG [139912905496384] - loaded lazy attr 'NativeStringIO': <class '_io.StringIO'>
[2023-10-08 00:55:16,467.467] DEBUG [139912905496384] - loaded lazy attr 'BytesIO': <class '_io.BytesIO'>
[2023-10-08 00:55:16,472.472] DEBUG [139912905496384] - registered 'bcrypt' handler: <class 'passlib.handlers.bcrypt.bcrypt'>
[2023-10-08 00:55:16,487.487] DEBUG [139912905496384] - loaded lazy attr 'SafeConfigParser': <class 'configparser.ConfigParser'>
[2023-10-08 00:55:16,488.488] DEBUG [139912905496384] - loaded lazy attr 'NativeStringIO': <class '_io.StringIO'>
[2023-10-08 00:55:16,488.488] DEBUG [139912905496384] - loaded lazy attr 'BytesIO': <class '_io.BytesIO'>
[2023-10-08 00:55:16,492.492] DEBUG [139912905496384] - registered 'bcrypt' handler: <class 'passlib.handlers.bcrypt.bcrypt'>
[2023-10-08 01:04:40,221.221] DEBUG [140012857673536] - loaded lazy attr 'SafeConfigParser': <class 'configparser.ConfigParser'>
[2023-10-08 01:04:40,222.222] DEBUG [140012857673536] - loaded lazy attr 'NativeStringIO': <class '_io.StringIO'>
[2023-10-08 01:04:40,222.222] DEBUG [140012857673536] - loaded lazy attr 'BytesIO': <class '_io.BytesIO'>
[2023-10-08 01:04:40,226.226] DEBUG [140012857673536] - registered 'bcrypt' handler: <class 'passlib.handlers.bcrypt.bcrypt'>
[2023-10-08 01:04:40,353.353] DEBUG [140012857673536] - loaded lazy attr 'SafeConfigParser': <class 'configparser.ConfigParser'>
[2023-10-08 01:04:40,353.353] DEBUG [140012857673536] - loaded lazy attr 'NativeStringIO': <class '_io.StringIO'>
[2023-10-08 01:04:40,353.353] DEBUG [140012857673536] - loaded lazy attr 'BytesIO': <class '_io.BytesIO'>
[2023-10-08 01:04:40,356.356] DEBUG [140012857673536] - registered 'bcrypt' handler: <class 'passlib.handlers.bcrypt.bcrypt'>
[2023-10-08 01:13:52,681.681] DEBUG [139702757349184] - loaded lazy attr 'SafeConfigParser': <class 'configparser.ConfigParser'>
[2023-10-08 01:13:52,681.681] DEBUG [139702757349184] - loaded lazy attr 'NativeStringIO': <class '_io.StringIO'>
[2023-10-08 01:13:52,681.681] DEBUG [139702757349184] - loaded lazy attr 'BytesIO': <class '_io.BytesIO'>
[2023-10-08 01:13:52,686.686] DEBUG [139702757349184] - registered 'bcrypt' handler: <class 'passlib.handlers.bcrypt.bcrypt'>
[2023-10-08 01:13:52,783.783] DEBUG [139702757349184] - loaded lazy attr 'SafeConfigParser': <class 'configparser.ConfigParser'>
[2023-10-08 01:13:52,783.783] DEBUG [139702757349184] - loaded lazy attr 'NativeStringIO': <class '_io.StringIO'>
[2023-10-08 01:13:52,783.783] DEBUG [139702757349184] - loaded lazy attr 'BytesIO': <class '_io.BytesIO'>
[2023-10-08 01:13:52,789.789] DEBUG [139702757349184] - registered 'bcrypt' handler: <class 'passlib.handlers.bcrypt.bcrypt'>
[2023-10-08 01:14:45,625.625] DEBUG [139807366063936] - loaded lazy attr 'SafeConfigParser': <class 'configparser.ConfigParser'>
[2023-10-08 01:14:45,625.625] DEBUG [139807366063936] - loaded lazy attr 'NativeStringIO': <class '_io.StringIO'>
[2023-10-08 01:14:45,625.625] DEBUG [139807366063936] - loaded lazy attr 'BytesIO': <class '_io.BytesIO'>
[2023-10-08 01:14:45,629.629] DEBUG [139807366063936] - registered 'bcrypt' handler: <class 'passlib.handlers.bcrypt.bcrypt'>
[2023-10-08 01:14:45,763.763] DEBUG [139807366063936] - loaded lazy attr 'SafeConfigParser': <class 'configparser.ConfigParser'>
[2023-10-08 01:14:45,763.763] DEBUG [139807366063936] - loaded lazy attr 'NativeStringIO': <class '_io.StringIO'>
[2023-10-08 01:14:45,763.763] DEBUG [139807366063936] - loaded lazy attr 'BytesIO': <class '_io.BytesIO'>
[2023-10-08 01:14:45,766.766] DEBUG [139807366063936] - registered 'bcrypt' handler: <class 'passlib.handlers.bcrypt.bcrypt'>
[2023-10-08 01:41:53,938.938] DEBUG [139720226002752] - loaded lazy attr 'SafeConfigParser': <class 'configparser.ConfigParser'>
[2023-10-08 01:41:53,938.938] DEBUG [139720226002752] - loaded lazy attr 'NativeStringIO': <class '_io.StringIO'>
[2023-10-08 01:41:53,938.938] DEBUG [139720226002752] - loaded lazy attr 'BytesIO': <class '_io.BytesIO'>
[2023-10-08 01:41:53,944.944] DEBUG [139720226002752] - registered 'bcrypt' handler: <class 'passlib.handlers.bcrypt.bcrypt'>
[2023-10-08 01:41:53,952.952] DEBUG [139720226002752] - loaded lazy attr 'SafeConfigParser': <class 'configparser.ConfigParser'>
[2023-10-08 01:41:53,952.952] DEBUG [139720226002752] - loaded lazy attr 'NativeStringIO': <class '_io.StringIO'>
[2023-10-08 01:41:53,952.952] DEBUG [139720226002752] - loaded lazy attr 'BytesIO': <class '_io.BytesIO'>
[2023-10-08 01:41:53,957.957] DEBUG [139720226002752] - registered 'bcrypt' handler: <class 'passlib.handlers.bcrypt.bcrypt'>
[2023-10-08 01:56:43,930.930] DEBUG [140627043546944] - loaded lazy attr 'SafeConfigParser': <class 'configparser.ConfigParser'>
[2023-10-08 01:56:43,930.930] DEBUG [140627043546944] - loaded lazy attr 'NativeStringIO': <class '_io.StringIO'>
[2023-10-08 01:56:43,930.930] DEBUG [140627043546944] - loaded lazy attr 'BytesIO': <class '_io.BytesIO'>
[2023-10-08 01:56:43,934.934] DEBUG [140627043546944] - registered 'bcrypt' handler: <class 'passlib.handlers.bcrypt.bcrypt'>
[2023-10-08 01:56:44,045.045] DEBUG [140627043546944] - loaded lazy attr 'SafeConfigParser': <class 'configparser.ConfigParser'>
[2023-10-08 01:56:44,045.045] DEBUG [140627043546944] - loaded lazy attr 'NativeStringIO': <class '_io.StringIO'>
[2023-10-08 01:56:44,045.045] DEBUG [140627043546944] - loaded lazy attr 'BytesIO': <class '_io.BytesIO'>
[2023-10-08 01:56:44,049.049] DEBUG [140627043546944] - registered 'bcrypt' handler: <class 'passlib.handlers.bcrypt.bcrypt'>
[2023-10-08 02:00:06,305.305] DEBUG [140415246489408] - loaded lazy attr 'SafeConfigParser': <class 'configparser.ConfigParser'>
[2023-10-08 02:00:06,305.305] DEBUG [140415246489408] - loaded lazy attr 'NativeStringIO': <class '_io.StringIO'>
[2023-10-08 02:00:06,305.305] DEBUG [140415246489408] - loaded lazy attr 'BytesIO': <class '_io.BytesIO'>
[2023-10-08 02:00:06,309.309] DEBUG [140415246489408] - registered 'bcrypt' handler: <class 'passlib.handlers.bcrypt.bcrypt'>
[2023-10-08 02:00:06,328.328] DEBUG [140415246489408] - loaded lazy attr 'SafeConfigParser': <class 'configparser.ConfigParser'>
[2023-10-08 02:00:06,328.328] DEBUG [140415246489408] - loaded lazy attr 'NativeStringIO': <class '_io.StringIO'>
[2023-10-08 02:00:06,328.328] DEBUG [140415246489408] - loaded lazy attr 'BytesIO': <class '_io.BytesIO'>
[2023-10-08 02:00:06,333.333] DEBUG [140415246489408] - registered 'bcrypt' handler: <class 'passlib.handlers.bcrypt.bcrypt'>
[2023-10-08 02:03:57,400.400] DEBUG [139707755710272] - loaded lazy attr 'SafeConfigParser': <class 'configparser.ConfigParser'>
[2023-10-08 02:03:57,400.400] DEBUG [139707755710272] - loaded lazy attr 'NativeStringIO': <class '_io.StringIO'>
[2023-10-08 02:03:57,400.400] DEBUG [139707755710272] - loaded lazy attr 'BytesIO': <class '_io.BytesIO'>
[2023-10-08 02:03:57,404.404] DEBUG [139707755710272] - registered 'bcrypt' handler: <class 'passlib.handlers.bcrypt.bcrypt'>
[2023-10-08 02:03:57,524.524] DEBUG [139707755710272] - loaded lazy attr 'SafeConfigParser': <class 'configparser.ConfigParser'>
[2023-10-08 02:03:57,524.524] DEBUG [139707755710272] - loaded lazy attr 'NativeStringIO': <class '_io.StringIO'>
[2023-10-08 02:03:57,524.524] DEBUG [139707755710272] - loaded lazy attr 'BytesIO': <class '_io.BytesIO'>
[2023-10-08 02:03:57,529.529] DEBUG [139707755710272] - registered 'bcrypt' handler: <class 'passlib.handlers.bcrypt.bcrypt'>
[2023-10-08 02:07:33,866.866] DEBUG [140655526422336] - loaded lazy attr 'SafeConfigParser': <class 'configparser.ConfigParser'>
[2023-10-08 02:07:33,866.866] DEBUG [140655526422336] - loaded lazy attr 'NativeStringIO': <class '_io.StringIO'>
[2023-10-08 02:07:33,866.866] DEBUG [140655526422336] - loaded lazy attr 'BytesIO': <class '_io.BytesIO'>
[2023-10-08 02:07:33,871.871] DEBUG [140655526422336] - registered 'bcrypt' handler: <class 'passlib.handlers.bcrypt.bcrypt'>
[2023-10-08 02:07:33,902.902] DEBUG [140655526422336] - loaded lazy attr 'SafeConfigParser': <class 'configparser.ConfigParser'>
[2023-10-08 02:07:33,902.902] DEBUG [140655526422336] - loaded lazy attr 'NativeStringIO': <class '_io.StringIO'>
[2023-10-08 02:07:33,902.902] DEBUG [140655526422336] - loaded lazy attr 'BytesIO': <class '_io.BytesIO'>
[2023-10-08 02:07:33,907.907] DEBUG [140655526422336] - registered 'bcrypt' handler: <class 'passlib.handlers.bcrypt.bcrypt'>
[2023-10-08 02:21:55,419.419] DEBUG [140357062387520] - loaded lazy attr 'SafeConfigParser': <class 'configparser.ConfigParser'>
[2023-10-08 02:21:55,419.419] DEBUG [140357062387520] - loaded lazy attr 'NativeStringIO': <class '_io.StringIO'>
[2023-10-08 02:21:55,420.420] DEBUG [140357062387520] - loaded lazy attr 'BytesIO': <class '_io.BytesIO'>
[2023-10-08 02:21:55,424.424] DEBUG [140357062387520] - registered 'bcrypt' handler: <class 'passlib.handlers.bcrypt.bcrypt'>
[2023-10-08 02:21:55,443.443] DEBUG [140357062387520] - loaded lazy attr 'SafeConfigParser': <class 'configparser.ConfigParser'>
[2023-10-08 02:21:55,443.443] DEBUG [140357062387520] - loaded lazy attr 'NativeStringIO': <class '_io.StringIO'>
[2023-10-08 02:21:55,443.443] DEBUG [140357062387520] - loaded lazy attr 'BytesIO': <class '_io.BytesIO'>
[2023-10-08 02:21:55,447.447] DEBUG [140357062387520] - registered 'bcrypt' handler: <class 'passlib.handlers.bcrypt.bcrypt'>
[2023-10-08 02:24:30,356.356] DEBUG [140527093417792] - loaded lazy attr 'SafeConfigParser': <class 'configparser.ConfigParser'>
[2023-10-08 02:24:30,356.356] DEBUG [140527093417792] - loaded lazy attr 'NativeStringIO': <class '_io.StringIO'>
[2023-10-08 02:24:30,356.356] DEBUG [140527093417792] - loaded lazy attr 'BytesIO': <class '_io.BytesIO'>
[2023-10-08 02:24:30,362.362] DEBUG [140527093417792] - registered 'bcrypt' handler: <class 'passlib.handlers.bcrypt.bcrypt'>
[2023-10-08 02:24:30,463.463] DEBUG [140527093417792] - loaded lazy attr 'SafeConfigParser': <class 'configparser.ConfigParser'>
[2023-10-08 02:24:30,464.464] DEBUG [140527093417792] - loaded lazy attr 'NativeStringIO': <class '_io.StringIO'>
[2023-10-08 02:24:30,464.464] DEBUG [140527093417792] - loaded lazy attr 'BytesIO': <class '_io.BytesIO'>
[2023-10-08 02:24:30,468.468] DEBUG [140527093417792] - registered 'bcrypt' handler: <class 'passlib.handlers.bcrypt.bcrypt'>
[2023-10-08 02:45:13,579.579] DEBUG [140012101797696] - loaded lazy attr 'SafeConfigParser': <class 'configparser.ConfigParser'>
[2023-10-08 02:45:13,580.580] DEBUG [140012101797696] - loaded lazy attr 'NativeStringIO': <class '_io.StringIO'>
[2023-10-08 02:45:13,580.580] DEBUG [140012101797696] - loaded lazy attr 'BytesIO': <class '_io.BytesIO'>
[2023-10-08 02:45:13,584.584] DEBUG [140012101797696] - registered 'bcrypt' handler: <class 'passlib.handlers.bcrypt.bcrypt'>
[2023-10-08 02:45:13,604.604] DEBUG [140012101797696] - loaded lazy attr 'SafeConfigParser': <class 'configparser.ConfigParser'>
[2023-10-08 02:45:13,604.604] DEBUG [140012101797696] - loaded lazy attr 'NativeStringIO': <class '_io.StringIO'>
[2023-10-08 02:45:13,604.604] DEBUG [140012101797696] - loaded lazy attr 'BytesIO': <class '_io.BytesIO'>
[2023-10-08 02:45:13,608.608] DEBUG [140012101797696] - registered 'bcrypt' handler: <class 'passlib.handlers.bcrypt.bcrypt'>
[2023-10-08 03:09:27,901.901] DEBUG [140007897487168] - loaded lazy attr 'SafeConfigParser': <class 'configparser.ConfigParser'>
[2023-10-08 03:09:27,901.901] DEBUG [140007897487168] - loaded lazy attr 'NativeStringIO': <class '_io.StringIO'>
[2023-10-08 03:09:27,901.901] DEBUG [140007897487168] - loaded lazy attr 'BytesIO': <class '_io.BytesIO'>
[2023-10-08 03:09:27,905.905] DEBUG [140007897487168] - registered 'bcrypt' handler: <class 'passlib.handlers.bcrypt.bcrypt'>
[2023-10-08 03:09:27,910.910] DEBUG [140007897487168] - loaded lazy attr 'SafeConfigParser': <class 'configparser.ConfigParser'>
[2023-10-08 03:09:27,910.910] DEBUG [140007897487168] - loaded lazy attr 'NativeStringIO': <class '_io.StringIO'>
[2023-10-08 03:09:27,910.910] DEBUG [140007897487168] - loaded lazy attr 'BytesIO': <class '_io.BytesIO'>
[2023-10-08 03:09:27,914.914] DEBUG [140007897487168] - registered 'bcrypt' handler: <class 'passlib.handlers.bcrypt.bcrypt'>
[2023-10-08 03:26:38,632.632] DEBUG [140499105212224] - loaded lazy attr 'SafeConfigParser': <class 'configparser.ConfigParser'>
[2023-10-08 03:26:38,632.632] DEBUG [140499105212224] - loaded lazy attr 'NativeStringIO': <class '_io.StringIO'>
[2023-10-08 03:26:38,632.632] DEBUG [140499105212224] - loaded lazy attr 'BytesIO': <class '_io.BytesIO'>
[2023-10-08 03:26:38,637.637] DEBUG [140499105212224] - registered 'bcrypt' handler: <class 'passlib.handlers.bcrypt.bcrypt'>
[2023-10-08 03:26:38,725.725] DEBUG [140499105212224] - loaded lazy attr 'SafeConfigParser': <class 'configparser.ConfigParser'>
[2023-10-08 03:26:38,725.725] DEBUG [140499105212224] - loaded lazy attr 'NativeStringIO': <class '_io.StringIO'>
[2023-10-08 03:26:38,725.725] DEBUG [140499105212224] - loaded lazy attr 'BytesIO': <class '_io.BytesIO'>
[2023-10-08 03:26:38,730.730] DEBUG [140499105212224] - registered 'bcrypt' handler: <class 'passlib.handlers.bcrypt.bcrypt'>
[2023-10-08 03:27:02,989.989] DEBUG [140499105212224] - Calling on_field_start with no data
[2023-10-08 03:27:02,989.989] DEBUG [140499105212224] - Calling on_field_name with data[0:8]
[2023-10-08 03:27:02,989.989] DEBUG [140499105212224] - Calling on_field_data with data[9:19]
[2023-10-08 03:27:02,989.989] DEBUG [140499105212224] - Calling on_field_end with no data
[2023-10-08 03:27:02,989.989] DEBUG [140499105212224] - Calling on_field_start with no data
[2023-10-08 03:27:02,989.989] DEBUG [140499105212224] - Calling on_field_name with data[20:28]
[2023-10-08 03:27:02,989.989] DEBUG [140499105212224] - Calling on_field_data with data[29:36]
[2023-10-08 03:27:02,989.989] DEBUG [140499105212224] - Calling on_field_end with no data
[2023-10-08 03:27:02,989.989] DEBUG [140499105212224] - Calling on_end with no data
[2023-10-08 03:27:03,005.005] DEBUG [140499049195264] - detected 'bcrypt' backend, version '4.0.1'
[2023-10-08 03:27:03,005.005] DEBUG [140499049195264] - 'bcrypt' backend lacks $2$ support, enabling workaround
[2023-10-08 03:31:30,021.021] DEBUG [140140542256960] - loaded lazy attr 'SafeConfigParser': <class 'configparser.ConfigParser'>
[2023-10-08 03:31:30,021.021] DEBUG [140140542256960] - loaded lazy attr 'NativeStringIO': <class '_io.StringIO'>
[2023-10-08 03:31:30,021.021] DEBUG [140140542256960] - loaded lazy attr 'BytesIO': <class '_io.BytesIO'>
[2023-10-08 03:31:30,025.025] DEBUG [140140542256960] - registered 'bcrypt' handler: <class 'passlib.handlers.bcrypt.bcrypt'>
[2023-10-08 03:31:30,060.060] DEBUG [140140542256960] - loaded lazy attr 'SafeConfigParser': <class 'configparser.ConfigParser'>
[2023-10-08 03:31:30,060.060] DEBUG [140140542256960] - loaded lazy attr 'NativeStringIO': <class '_io.StringIO'>
[2023-10-08 03:31:30,060.060] DEBUG [140140542256960] - loaded lazy attr 'BytesIO': <class '_io.BytesIO'>
[2023-10-08 03:31:30,064.064] DEBUG [140140542256960] - registered 'bcrypt' handler: <class 'passlib.handlers.bcrypt.bcrypt'>
[2023-10-08 03:38:04,974.974] DEBUG [139753438373696] - loaded lazy attr 'SafeConfigParser': <class 'configparser.ConfigParser'>
[2023-10-08 03:38:04,974.974] DEBUG [139753438373696] - loaded lazy attr 'NativeStringIO': <class '_io.StringIO'>
[2023-10-08 03:38:04,975.975] DEBUG [139753438373696] - loaded lazy attr 'BytesIO': <class '_io.BytesIO'>
[2023-10-08 03:38:04,979.979] DEBUG [139753438373696] - registered 'bcrypt' handler: <class 'passlib.handlers.bcrypt.bcrypt'>
[2023-10-08 03:38:05,090.090] DEBUG [139753438373696] - loaded lazy attr 'SafeConfigParser': <class 'configparser.ConfigParser'>
[2023-10-08 03:38:05,090.090] DEBUG [139753438373696] - loaded lazy attr 'NativeStringIO': <class '_io.StringIO'>
[2023-10-08 03:38:05,090.090] DEBUG [139753438373696] - loaded lazy attr 'BytesIO': <class '_io.BytesIO'>
[2023-10-08 03:38:05,094.094] DEBUG [139753438373696] - registered 'bcrypt' handler: <class 'passlib.handlers.bcrypt.bcrypt'>
[2023-10-08 03:42:24,731.731] DEBUG [140002312447808] - loaded lazy attr 'SafeConfigParser': <class 'configparser.ConfigParser'>
[2023-10-08 03:42:24,731.731] DEBUG [140002312447808] - loaded lazy attr 'NativeStringIO': <class '_io.StringIO'>
[2023-10-08 03:42:24,731.731] DEBUG [140002312447808] - loaded lazy attr 'BytesIO': <class '_io.BytesIO'>
[2023-10-08 03:42:24,736.736] DEBUG [140002312447808] - registered 'bcrypt' handler: <class 'passlib.handlers.bcrypt.bcrypt'>
[2023-10-08 03:42:24,861.861] DEBUG [140002312447808] - loaded lazy attr 'SafeConfigParser': <class 'configparser.ConfigParser'>
[2023-10-08 03:42:24,862.862] DEBUG [140002312447808] - loaded lazy attr 'NativeStringIO': <class '_io.StringIO'>
[2023-10-08 03:42:24,862.862] DEBUG [140002312447808] - loaded lazy attr 'BytesIO': <class '_io.BytesIO'>
[2023-10-08 03:42:24,866.866] DEBUG [140002312447808] - registered 'bcrypt' handler: <class 'passlib.handlers.bcrypt.bcrypt'>
[2023-10-08 03:43:10,759.759] DEBUG [140062259128128] - loaded lazy attr 'SafeConfigParser': <class 'configparser.ConfigParser'>
[2023-10-08 03:43:10,759.759] DEBUG [140062259128128] - loaded lazy attr 'NativeStringIO': <class '_io.StringIO'>
[2023-10-08 03:43:10,759.759] DEBUG [140062259128128] - loaded lazy attr 'BytesIO': <class '_io.BytesIO'>
[2023-10-08 03:43:10,763.763] DEBUG [140062259128128] - registered 'bcrypt' handler: <class 'passlib.handlers.bcrypt.bcrypt'>
[2023-10-08 03:43:10,858.858] DEBUG [140062259128128] - loaded lazy attr 'SafeConfigParser': <class 'configparser.ConfigParser'>
[2023-10-08 03:43:10,858.858] DEBUG [140062259128128] - loaded lazy attr 'NativeStringIO': <class '_io.StringIO'>
[2023-10-08 03:43:10,858.858] DEBUG [140062259128128] - loaded lazy attr 'BytesIO': <class '_io.BytesIO'>
[2023-10-08 03:43:10,862.862] DEBUG [140062259128128] - registered 'bcrypt' handler: <class 'passlib.handlers.bcrypt.bcrypt'>
[2023-10-08 03:51:30,042.042] DEBUG [139912515110720] - loaded lazy attr 'SafeConfigParser': <class 'configparser.ConfigParser'>
[2023-10-08 03:51:30,042.042] DEBUG [139912515110720] - loaded lazy attr 'NativeStringIO': <class '_io.StringIO'>
[2023-10-08 03:51:30,042.042] DEBUG [139912515110720] - loaded lazy attr 'BytesIO': <class '_io.BytesIO'>
[2023-10-08 03:51:30,047.047] DEBUG [139912515110720] - registered 'bcrypt' handler: <class 'passlib.handlers.bcrypt.bcrypt'>
[2023-10-08 03:51:30,115.115] DEBUG [139912515110720] - loaded lazy attr 'SafeConfigParser': <class 'configparser.ConfigParser'>
[2023-10-08 03:51:30,115.115] DEBUG [139912515110720] - loaded lazy attr 'NativeStringIO': <class '_io.StringIO'>
[2023-10-08 03:51:30,115.115] DEBUG [139912515110720] - loaded lazy attr 'BytesIO': <class '_io.BytesIO'>
[2023-10-08 03:51:30,118.118] DEBUG [139912515110720] - registered 'bcrypt' handler: <class 'passlib.handlers.bcrypt.bcrypt'>
[2023-10-08 03:59:31,326.326] DEBUG [140009288668992] - loaded lazy attr 'SafeConfigParser': <class 'configparser.ConfigParser'>
[2023-10-08 03:59:31,326.326] DEBUG [140009288668992] - loaded lazy attr 'NativeStringIO': <class '_io.StringIO'>
[2023-10-08 03:59:31,326.326] DEBUG [140009288668992] - loaded lazy attr 'BytesIO': <class '_io.BytesIO'>
[2023-10-08 03:59:31,330.330] DEBUG [140009288668992] - registered 'bcrypt' handler: <class 'passlib.handlers.bcrypt.bcrypt'>
[2023-10-08 03:59:31,415.415] DEBUG [140009288668992] - loaded lazy attr 'SafeConfigParser': <class 'configparser.ConfigParser'>
[2023-10-08 03:59:31,415.415] DEBUG [140009288668992] - loaded lazy attr 'NativeStringIO': <class '_io.StringIO'>
[2023-10-08 03:59:31,415.415] DEBUG [140009288668992] - loaded lazy attr 'BytesIO': <class '_io.BytesIO'>
[2023-10-08 03:59:31,419.419] DEBUG [140009288668992] - registered 'bcrypt' handler: <class 'passlib.handlers.bcrypt.bcrypt'>
[2023-10-08 04:00:15,497.497] DEBUG [140283141527360] - loaded lazy attr 'SafeConfigParser': <class 'configparser.ConfigParser'>
[2023-10-08 04:00:15,498.498] DEBUG [140283141527360] - loaded lazy attr 'NativeStringIO': <class '_io.StringIO'>
[2023-10-08 04:00:15,498.498] DEBUG [140283141527360] - loaded lazy attr 'BytesIO': <class '_io.BytesIO'>
[2023-10-08 04:00:15,502.502] DEBUG [140283141527360] - registered 'bcrypt' handler: <class 'passlib.handlers.bcrypt.bcrypt'>
[2023-10-08 04:00:15,537.537] DEBUG [140283141527360] - loaded lazy attr 'SafeConfigParser': <class 'configparser.ConfigParser'>
[2023-10-08 04:00:15,537.537] DEBUG [140283141527360] - loaded lazy attr 'NativeStringIO': <class '_io.StringIO'>
[2023-10-08 04:00:15,538.538] DEBUG [140283141527360] - loaded lazy attr 'BytesIO': <class '_io.BytesIO'>
[2023-10-08 04:00:15,542.542] DEBUG [140283141527360] - registered 'bcrypt' handler: <class 'passlib.handlers.bcrypt.bcrypt'>
[2023-10-10 09:33:55,417.417] DEBUG [140434786703168] - loaded lazy attr 'SafeConfigParser': <class 'configparser.ConfigParser'>
[2023-10-10 09:33:55,417.417] DEBUG [140434786703168] - loaded lazy attr 'SafeConfigParser': <class 'configparser.ConfigParser'>
[2023-10-10 09:33:55,417.417] DEBUG [140434786703168] - loaded lazy attr 'NativeStringIO': <class '_io.StringIO'>
[2023-10-10 09:33:55,417.417] DEBUG [140434786703168] - loaded lazy attr 'NativeStringIO': <class '_io.StringIO'>
[2023-10-10 09:33:55,417.417] DEBUG [140434786703168] - loaded lazy attr 'BytesIO': <class '_io.BytesIO'>
[2023-10-10 09:33:55,417.417] DEBUG [140434786703168] - loaded lazy attr 'BytesIO': <class '_io.BytesIO'>
[2023-10-10 09:33:55,425.425] DEBUG [140434786703168] - registered 'bcrypt' handler: <class 'passlib.handlers.bcrypt.bcrypt'>
[2023-10-10 09:33:55,425.425] DEBUG [140434786703168] - registered 'bcrypt' handler: <class 'passlib.handlers.bcrypt.bcrypt'>
[2023-10-10 09:37:17,170.170] DEBUG [139874142721856] - loaded lazy attr 'SafeConfigParser': <class 'configparser.ConfigParser'>
[2023-10-10 09:37:17,170.170] DEBUG [139874142721856] - loaded lazy attr 'SafeConfigParser': <class 'configparser.ConfigParser'>
[2023-10-10 09:37:17,171.171] DEBUG [139874142721856] - loaded lazy attr 'NativeStringIO': <class '_io.StringIO'>
[2023-10-10 09:37:17,171.171] DEBUG [139874142721856] - loaded lazy attr 'NativeStringIO': <class '_io.StringIO'>
[2023-10-10 09:37:17,171.171] DEBUG [139874142721856] - loaded lazy attr 'BytesIO': <class '_io.BytesIO'>
[2023-10-10 09:37:17,171.171] DEBUG [139874142721856] - loaded lazy attr 'BytesIO': <class '_io.BytesIO'>
[2023-10-10 09:37:17,181.181] DEBUG [139874142721856] - registered 'bcrypt' handler: <class 'passlib.handlers.bcrypt.bcrypt'>
[2023-10-10 09:37:17,181.181] DEBUG [139874142721856] - registered 'bcrypt' handler: <class 'passlib.handlers.bcrypt.bcrypt'>
[2023-10-10 09:39:48,313.313] DEBUG [139859417249600] - loaded lazy attr 'SafeConfigParser': <class 'configparser.ConfigParser'>
[2023-10-10 09:39:48,313.313] DEBUG [139859417249600] - loaded lazy attr 'NativeStringIO': <class '_io.StringIO'>
[2023-10-10 09:39:48,313.313] DEBUG [139859417249600] - loaded lazy attr 'BytesIO': <class '_io.BytesIO'>
[2023-10-10 09:39:48,319.319] DEBUG [139859417249600] - registered 'bcrypt' handler: <class 'passlib.handlers.bcrypt.bcrypt'>
[2023-10-10 09:39:48,367.367] DEBUG [139859417249600] - loaded lazy attr 'SafeConfigParser': <class 'configparser.ConfigParser'>
[2023-10-10 09:39:48,368.368] DEBUG [139859417249600] - loaded lazy attr 'NativeStringIO': <class '_io.StringIO'>
[2023-10-10 09:39:48,368.368] DEBUG [139859417249600] - loaded lazy attr 'BytesIO': <class '_io.BytesIO'>
[2023-10-10 09:39:48,373.373] DEBUG [139859417249600] - registered 'bcrypt' handler: <class 'passlib.handlers.bcrypt.bcrypt'>
[2023-10-10 09:40:31,687.687] DEBUG [140719843301184] - loaded lazy attr 'SafeConfigParser': <class 'configparser.ConfigParser'>
[2023-10-10 09:40:31,687.687] DEBUG [140719843301184] - loaded lazy attr 'NativeStringIO': <class '_io.StringIO'>
[2023-10-10 09:40:31,687.687] DEBUG [140719843301184] - loaded lazy attr 'BytesIO': <class '_io.BytesIO'>
[2023-10-10 09:40:31,691.691] DEBUG [140719843301184] - registered 'bcrypt' handler: <class 'passlib.handlers.bcrypt.bcrypt'>
[2023-10-10 09:40:31,827.827] DEBUG [140719843301184] - loaded lazy attr 'SafeConfigParser': <class 'configparser.ConfigParser'>
[2023-10-10 09:40:31,827.827] DEBUG [140719843301184] - loaded lazy attr 'NativeStringIO': <class '_io.StringIO'>
[2023-10-10 09:40:31,828.828] DEBUG [140719843301184] - loaded lazy attr 'BytesIO': <class '_io.BytesIO'>
[2023-10-10 09:40:31,831.831] DEBUG [140719843301184] - registered 'bcrypt' handler: <class 'passlib.handlers.bcrypt.bcrypt'>
[2023-10-10 09:52:01,364.364] DEBUG [140287356524352] - loaded lazy attr 'SafeConfigParser': <class 'configparser.ConfigParser'>
[2023-10-10 09:52:01,364.364] DEBUG [140287356524352] - loaded lazy attr 'NativeStringIO': <class '_io.StringIO'>
[2023-10-10 09:52:01,364.364] DEBUG [140287356524352] - loaded lazy attr 'BytesIO': <class '_io.BytesIO'>
[2023-10-10 09:52:01,368.368] DEBUG [140287356524352] - registered 'bcrypt' handler: <class 'passlib.handlers.bcrypt.bcrypt'>
[2023-10-10 09:52:01,479.479] DEBUG [140287356524352] - loaded lazy attr 'SafeConfigParser': <class 'configparser.ConfigParser'>
[2023-10-10 09:52:01,479.479] DEBUG [140287356524352] - loaded lazy attr 'NativeStringIO': <class '_io.StringIO'>
[2023-10-10 09:52:01,479.479] DEBUG [140287356524352] - loaded lazy attr 'BytesIO': <class '_io.BytesIO'>
[2023-10-10 09:52:01,484.484] DEBUG [140287356524352] - registered 'bcrypt' handler: <class 'passlib.handlers.bcrypt.bcrypt'>
[2023-10-10 09:54:39,007.007] DEBUG [140514150745920] - loaded lazy attr 'SafeConfigParser': <class 'configparser.ConfigParser'>
[2023-10-10 09:54:39,007.007] DEBUG [140514150745920] - loaded lazy attr 'NativeStringIO': <class '_io.StringIO'>
[2023-10-10 09:54:39,007.007] DEBUG [140514150745920] - loaded lazy attr 'BytesIO': <class '_io.BytesIO'>
[2023-10-10 09:54:39,009.009] DEBUG [140514150745920] - loaded lazy attr 'SafeConfigParser': <class 'configparser.ConfigParser'>
[2023-10-10 09:54:39,010.010] DEBUG [140514150745920] - loaded lazy attr 'NativeStringIO': <class '_io.StringIO'>
[2023-10-10 09:54:39,010.010] DEBUG [140514150745920] - loaded lazy attr 'BytesIO': <class '_io.BytesIO'>
[2023-10-10 09:54:39,011.011] DEBUG [140514150745920] - registered 'bcrypt' handler: <class 'passlib.handlers.bcrypt.bcrypt'>
[2023-10-10 09:54:39,015.015] DEBUG [140514150745920] - registered 'bcrypt' handler: <class 'passlib.handlers.bcrypt.bcrypt'>
[2023-10-10 10:01:20,616.616] DEBUG [140514150745920] - Calling on_field_start with no data
[2023-10-10 10:01:20,616.616] DEBUG [140514150745920] - Calling on_field_name with data[0:8]
[2023-10-10 10:01:20,616.616] DEBUG [140514150745920] - Calling on_field_data with data[9:19]
[2023-10-10 10:01:20,616.616] DEBUG [140514150745920] - Calling on_field_end with no data
[2023-10-10 10:01:20,616.616] DEBUG [140514150745920] - Calling on_field_start with no data
[2023-10-10 10:01:20,616.616] DEBUG [140514150745920] - Calling on_field_name with data[20:28]
[2023-10-10 10:01:20,616.616] DEBUG [140514150745920] - Calling on_field_data with data[29:36]
[2023-10-10 10:01:20,616.616] DEBUG [140514150745920] - Calling on_field_end with no data
[2023-10-10 10:01:20,616.616] DEBUG [140514150745920] - Calling on_end with no data
[2023-10-10 10:01:20,629.629] DEBUG [140514094728960] - detected 'bcrypt' backend, version '4.0.1'
[2023-10-10 10:01:20,629.629] DEBUG [140514094728960] - 'bcrypt' backend lacks $2$ support, enabling workaround
